Line 394: Class MSComctlLib.StatusBar of control StatusBar was not a loaded control class.
Line 548: Class MSComctlLib.ProgressBar of control ProgressBarProcess was not a loaded control class.
Line 401: The property name _ExtentX in StatusBar is invalid.
Line 402: The property name _ExtentY in StatusBar is invalid.
Line 403: The property name _Version in StatusBar is invalid.
Line 444: The property name Panels in StatusBar is invalid.
Line 554: The property name _ExtentX in ProgressBarProcess is invalid.
Line 555: The property name _ExtentY in ProgressBarProcess is invalid.
Line 556: The property name _Version in ProgressBarProcess is invalid.
Line 558: The property name Min in ProgressBarProcess is invalid.
Line 559: The property name Max in ProgressBarProcess is invalid.
Line 560: The property name Scrolling in ProgressBarProcess is invalid.
Line 401: The property name _ExtentX in StatusBar is invalid.
Line 402: The property name _ExtentY in StatusBar is invalid.
Line 403: The property name _Version in StatusBar is invalid.
Line 444: The property name Panels in StatusBar is invalid.
Line 554: The property name _ExtentX in ProgressBarProcess is invalid.
Line 555: The property name _ExtentY in ProgressBarProcess is invalid.
Line 556: The property name _Version in ProgressBarProcess is invalid.
Line 558: The property name Min in ProgressBarProcess is invalid.
Line 559: The property name Max in ProgressBarProcess is invalid.
Line 560: The property name Scrolling in ProgressBarProcess is invalid.
Line 401: The property name _ExtentX in StatusBar is invalid.
Line 402: The property name _ExtentY in StatusBar is invalid.
Line 403: The property name _Version in StatusBar is invalid.
Line 444: The property name Panels in StatusBar is invalid.
Line 554: The property name _ExtentX in ProgressBarProcess is invalid.
Line 555: The property name _ExtentY in ProgressBarProcess is invalid.
Line 556: The property name _Version in ProgressBarProcess is invalid.
Line 558: The property name Min in ProgressBarProcess is invalid.
Line 559: The property name Max in ProgressBarProcess is invalid.
Line 560: The property name Scrolling in ProgressBarProcess is invalid.
Line 401: The property name _ExtentX in StatusBar is invalid.
Line 402: The property name _ExtentY in StatusBar is invalid.
Line 403: The property name _Version in StatusBar is invalid.
Line 444: The property name Panels in StatusBar is invalid.
Line 554: The property name _ExtentX in ProgressBarProcess is invalid.
Line 555: The property name _ExtentY in ProgressBarProcess is invalid.
Line 556: The property name _Version in ProgressBarProcess is invalid.
Line 558: The property name Min in ProgressBarProcess is invalid.
Line 559: The property name Max in ProgressBarProcess is invalid.
Line 560: The property name Scrolling in ProgressBarProcess is invalid.
Line 401: The property name _ExtentX in StatusBar is invalid.
Line 402: The property name _ExtentY in StatusBar is invalid.
Line 403: The property name _Version in StatusBar is invalid.
Line 444: The property name Panels in StatusBar is invalid.
Line 554: The property name _ExtentX in ProgressBarProcess is invalid.
Line 555: The property name _ExtentY in ProgressBarProcess is invalid.
Line 556: The property name _Version in ProgressBarProcess is invalid.
Line 558: The property name Min in ProgressBarProcess is invalid.
Line 559: The property name Max in ProgressBarProcess is invalid.
Line 560: The property name Scrolling in ProgressBarProcess is invalid.
